\BOOKMARK [1][-]{section.1}{\376\377\003\225\003\271\003\303\003\261\003\263\003\311\003\263\003\256}{}% 1
\BOOKMARK [1][-]{section.2}{\376\377\003\226\003\267\003\304\003\277\003\315\003\274\003\265\003\275\003\261}{}% 2
\BOOKMARK [1][-]{section.3}{\376\377\003\225\003\300\003\257\003\300\003\265\003\264\003\277\000\040\000M\000o\000d\000e\000l}{}% 3
\BOOKMARK [1][-]{section.4}{\376\377\003\225\003\300\003\257\003\300\003\265\003\264\003\277\000\040\000V\000i\000e\000w\000\040\003\272\003\261\003\271\000\040\000C\000o\000n\000t\000r\000o\000l\000l\000e\000r}{}% 4
\BOOKMARK [2][-]{subsection.4.1}{\376\377\000S\000e\000s\000s\000i\000o\000n\000\040\000M\000a\000n\000a\000g\000e\000m\000e\000n\000t}{section.4}% 5
\BOOKMARK [2][-]{subsection.4.2}{\376\377\000S\000t\000u\000d\000e\000n\000t\000s\000\040\000C\000o\000n\000t\000r\000o\000l\000l\000e\000r}{section.4}% 6
\BOOKMARK [3][-]{subsubsection.4.2.1}{\376\377\003\240\003\265\003\301\003\271\003\263\003\301\003\261\003\306\003\256\000\040\003\304\003\311\003\275\000\040\003\274\003\265\003\270\003\314\003\264\003\311\003\275}{subsection.4.2}% 7
\BOOKMARK [3][-]{subsubsection.4.2.2}{\376\377\003\234\003\255\003\270\003\277\003\264\003\277\003\302\000\040\000I\000A\000c\000t\000i\000o\000n\000R\000e\000s\000u\000l\000t\000\040\000G\000r\000a\000d\000e\000s\000\050\000b\000o\000o\000l\000?\000\040\000a\000s\000c\000=\000t\000r\000u\000e\000\051}{subsection.4.2}% 8
\BOOKMARK [3][-]{subsubsection.4.2.3}{\376\377\003\234\003\255\003\270\003\277\003\264\003\277\003\302\000\040\000I\000A\000c\000t\000i\000o\000n\000R\000e\000s\000u\000l\000t\000\040\000T\000o\000t\000a\000l\000\050\000\051}{subsection.4.2}% 9
\BOOKMARK [3][-]{subsubsection.4.2.4}{\376\377\003\234\003\255\003\270\003\277\003\264\003\277\003\302\000\040\000I\000A\000c\000t\000i\000o\000n\000R\000e\000s\000u\000l\000t\000\040\000A\000c\000c\000o\000u\000n\000t\000\050\000\051}{subsection.4.2}% 10
\BOOKMARK [3][-]{subsubsection.4.2.5}{\376\377\003\234\003\255\003\270\003\277\003\264\003\277\003\302\000\040\000I\000A\000c\000t\000i\000o\000n\000R\000e\000s\000u\000l\000t\000\040\000I\000n\000d\000e\000x\000\050\000\051}{subsection.4.2}% 11
\BOOKMARK [3][-]{subsubsection.4.2.6}{\376\377\003\234\003\255\003\270\003\277\003\264\003\277\003\302\000\040\000I\000A\000c\000t\000i\000o\000n\000R\000e\000s\000u\000l\000t\000\040\000S\000e\000m\000e\000s\000t\000e\000r\000s\000\050\000i\000n\000t\000?\000\040\000p\000a\000g\000e\000\051}{subsection.4.2}% 12
\BOOKMARK [3][-]{subsubsection.4.2.7}{\376\377\003\243\003\265\003\275\003\254\003\301\003\271\003\277\000\040\003\225\003\272\003\304\003\255\003\273\003\265\003\303\003\267\003\302}{subsection.4.2}% 13
\BOOKMARK [2][-]{subsection.4.3}{\376\377\000P\000r\000o\000f\000e\000s\000s\000o\000r\000s\000\040\000C\000o\000n\000t\000r\000o\000l\000l\000e\000r}{section.4}% 14
\BOOKMARK [3][-]{subsubsection.4.3.1}{\376\377\003\234\003\255\003\270\003\277\003\264\003\277\003\302\000\040\000T\000a\000s\000k\000<\000I\000A\000c\000t\000i\000o\000n\000R\000e\000s\000u\000l\000t\000>\000\040\000I\000n\000d\000e\000x\000\050\000\051}{subsection.4.3}% 15
\BOOKMARK [3][-]{subsubsection.4.3.2}{\376\377\003\234\003\255\003\270\003\277\003\264\003\277\003\302\000\040\000T\000a\000s\000k\000<\000I\000A\000c\000t\000i\000o\000n\000R\000e\000s\000u\000l\000t\000>\000\040\000A\000c\000c\000o\000u\000n\000t\000\050\000\051}{subsection.4.3}% 16
\BOOKMARK [3][-]{subsubsection.4.3.3}{\376\377\003\234\003\255\003\270\003\277\003\264\003\277\003\302\000\040\000T\000a\000s\000k\000<\000I\000A\000c\000t\000i\000o\000n\000R\000e\000s\000u\000l\000t\000>\000\040\000P\000r\000o\000f\000e\000s\000s\000o\000r\000C\000o\000u\000r\000s\000e\000s\000\050\000\051}{subsection.4.3}% 17
\BOOKMARK [3][-]{subsubsection.4.3.4}{\376\377\003\234\003\255\003\270\003\277\003\264\003\277\003\302\000\040\000T\000a\000s\000k\000<\000I\000A\000c\000t\000i\000o\000n\000R\000e\000s\000u\000l\000t\000>\000\040\000R\000e\000g\000i\000s\000t\000e\000r\000e\000d\000S\000t\000u\000d\000e\000n\000t\000s\000\050\000i\000n\000t\000?\000\040\000i\000d\000\051}{subsection.4.3}% 18
\BOOKMARK [3][-]{subsubsection.4.3.5}{\376\377\003\234\003\255\003\270\003\277\003\264\003\277\003\302\000\040\000T\000a\000s\000k\000<\000I\000A\000c\000t\000i\000o\000n\000R\000e\000s\000u\000l\000t\000>\000\040\000U\000p\000l\000o\000a\000d\000G\000r\000a\000d\000e\000s\000\050\000i\000n\000t\000\040\000C\000o\000u\000r\000s\000e\000I\000d\000,\000\040\000I\000F\000o\000r\000m\000F\000i\000l\000e\000\040\000u\000s\000e\000r\000c\000s\000v\000\051}{subsection.4.3}% 19
\BOOKMARK [3][-]{subsubsection.4.3.6}{\376\377\003\234\003\255\003\270\003\277\003\264\003\277\003\302\000\040\000T\000a\000s\000k\000<\000I\000A\000c\000t\000i\000o\000n\000R\000e\000s\000u\000l\000t\000>\000\040\000E\000d\000i\000t\000G\000r\000a\000d\000e\000s\000\050\000i\000n\000t\000\040\000i\000d\000\051}{subsection.4.3}% 20
\BOOKMARK [3][-]{subsubsection.4.3.7}{\376\377\003\234\003\255\003\270\003\277\003\264\003\277\003\302\000\040\000T\000a\000s\000k\000<\000I\000A\000c\000t\000i\000o\000n\000R\000e\000s\000u\000l\000t\000>\000\040\000E\000d\000i\000t\000G\000r\000a\000d\000e\000s\000\050\000i\000n\000t\000\040\000i\000d\000,\000\040\000s\000t\000r\000i\000n\000g\000\040\000a\000d\000d\000e\000d\000G\000r\000a\000d\000e\000s\000\051}{subsection.4.3}% 21
\BOOKMARK [3][-]{subsubsection.4.3.8}{\376\377\003\243\003\265\003\275\003\254\003\301\003\271\003\277\000\040\003\225\003\272\003\304\003\255\003\273\003\265\003\303\003\267\003\302}{subsection.4.3}% 22
\BOOKMARK [2][-]{subsection.4.4}{\376\377\000S\000e\000c\000r\000e\000t\000a\000r\000i\000e\000s\000\040\000C\000o\000n\000t\000r\000o\000l\000l\000e\000r}{section.4}% 23
\BOOKMARK [3][-]{subsubsection.4.4.1}{\376\377\003\234\003\255\003\270\003\277\003\264\003\277\003\302\000\040}{subsection.4.4}% 24
\BOOKMARK [3][-]{subsubsection.4.4.2}{\376\377\003\234\003\255\003\270\003\277\003\264\003\277\003\302\000\040\000T\000a\000s\000k\000<\000I\000A\000c\000t\000i\000o\000n\000R\000e\000s\000u\000l\000t\000>\000\040\000I\000n\000d\000e\000x\000\050\000\051\000\040}{subsection.4.4}% 25
\BOOKMARK [3][-]{subsubsection.4.4.3}{\376\377\003\234\003\255\003\270\003\277\003\264\003\277\003\302\000\040\000T\000a\000s\000k\000<\000I\000A\000c\000t\000i\000o\000n\000R\000e\000s\000u\000l\000t\000>\000\040\000A\000c\000c\000o\000u\000n\000t\000\050\000\051}{subsection.4.4}% 26
\BOOKMARK [3][-]{subsubsection.4.4.4}{\376\377\003\234\003\255\003\270\003\277\003\264\003\277\003\302\000\040\000T\000a\000s\000k\000<\000I\000A\000c\000t\000i\000o\000n\000R\000e\000s\000u\000l\000t\000>\000\040\000U\000n\000i\000v\000e\000r\000s\000i\000t\000y\000C\000o\000u\000r\000s\000e\000s\000\050\000\051}{subsection.4.4}% 27
\BOOKMARK [3][-]{subsubsection.4.4.5}{\376\377\003\234\003\255\003\270\003\277\003\264\003\277\003\302\000\040\000I\000A\000c\000t\000i\000o\000n\000R\000e\000s\000u\000l\000t\000\040\000C\000r\000e\000a\000t\000e\000C\000o\000u\000r\000s\000e\000\050\000\051}{subsection.4.4}% 28
\BOOKMARK [3][-]{subsubsection.4.4.6}{\376\377\003\243\003\265\003\275\003\254\003\301\003\271\003\277\000\040\003\225\003\272\003\304\003\255\003\273\003\265\003\303\003\267\003\302}{subsection.4.4}% 29
\BOOKMARK [1][-]{section.5}{\376\377\003\240\003\267\003\263\003\255\003\302}{}% 30
